# JRE version: Java(TM) SE Runtime Environment (8.0_121-b13) (build 1.8.0_121-b13)
# Java VM: Java HotSpot(TM) 64-Bit Server VM (25.121-b13 mixed mode windows-amd64 compressed oops)
Heap:
 PSYoungGen      total 49664K, used 10327K [0x00000000e0000000, 0x00000000e4c00000, 0x0000000100000000)
  eden space 25600K, 0% used [0x00000000e0000000,0x00000000e0000000,0x00000000e1900000)
  from space 24064K, 42% used [0x00000000e1900000,0x00000000e2315f38,0x00000000e3080000)
  to   space 23552K, 0% used [0x00000000e3500000,0x00000000e3500000,0x00000000e4c00000)
 ParOldGen       total 112128K, used 101225K [0x00000000a0000000, 0x00000000a6d80000, 0x00000000e0000000)
  object space 112128K, 90% used [0x00000000a0000000,0x00000000a62da5f8,0x00000000a6d80000)
 Metaspace       used 82239K, capacity 84802K, committed 84864K, reserved 1122304K
  class space    used 11086K, capacity 11632K, committed 11648K, reserved 1048576K
GC Heap History (10 events):
Event: 3644.667 GC heap after
Heap after GC invocations=57 (full 4):
 PSYoungGen      total 41472K, used 8484K [0x00000000e0000000, 0x00000000e4180000, 0x0000000100000000)
  eden space 17920K, 0% used [0x00000000e0000000,0x00000000e0000000,0x00000000e1180000)
  from space 23552K, 36% used [0x00000000e1180000,0x00000000e19c93d0,0x00000000e2880000)
  to   space 22528K, 0% used [0x00000000e2b80000,0x00000000e2b80000,0x00000000e4180000)
 ParOldGen       total 112128K, used 61811K [0x00000000a0000000, 0x00000000a6d80000, 0x00000000e0000000)
  object space 112128K, 55% used [0x00000000a0000000,0x00000000a3c5cdd8,0x00000000a6d80000)
 Metaspace       used 79628K, capacity 82080K, committed 82432K, reserved 1120256K
  class space    used 10631K, capacity 11165K, committed 11264K, reserved 1048576K
}
Event: 3645.417 GC heap before
{Heap before GC invocations=58 (full 4):
 PSYoungGen      total 41472K, used 26404K [0x00000000e0000000, 0x00000000e4180000, 0x0000000100000000)
  eden space 17920K, 100% used [0x00000000e0000000,0x00000000e1180000,0x00000000e1180000)
  from space 23552K, 36% used [0x00000000e1180000,0x00000000e19c93d0,0x00000000e2880000)
  to   space 22528K, 0% used [0x00000000e2b80000,0x00000000e2b80000,0x00000000e4180000)
 ParOldGen       total 112128K, used 61811K [0x00000000a0000000, 0x00000000a6d80000, 0x00000000e0000000)
  object space 112128K, 55% used [0x00000000a0000000,0x00000000a3c5cdd8,0x00000000a6d80000)
 Metaspace       used 81016K, capacity 83554K, committed 83968K, reserved 1122304K
  class space    used 10914K, capacity 11450K, committed 11520K, reserved 1048576K
Event: 3645.439 GC heap after
Heap after GC invocations=58 (full 4):
 PSYoungGen      total 43520K, used 16440K [0x00000000e0000000, 0x00000000e4380000, 0x0000000100000000)
  eden space 20992K, 0% used [0x00000000e0000000,0x00000000e0000000,0x00000000e1480000)
  from space 22528K, 72% used [0x00000000e2b80000,0x00000000e3b8e1c0,0x00000000e4180000)
  to   space 23552K, 0% used [0x00000000e1480000,0x00000000e1480000,0x00000000e2b80000)
 ParOldGen       total 112128K, used 61811K [0x00000000a0000000, 0x00000000a6d80000, 0x00000000e0000000)
  object space 112128K, 55% used [0x00000000a0000000,0x00000000a3c5cdd8,0x00000000a6d80000)
 Metaspace       used 81016K, capacity 83554K, committed 83968K, reserved 1122304K
  class space    used 10914K, capacity 11450K, committed 11520K, reserved 1048576K
}
Event: 3645.561 GC heap before
{Heap before GC invocations=59 (full 4):
 PSYoungGen      total 43520K, used 37432K [0x00000000e0000000, 0x00000000e4380000, 0x0000000100000000)
  eden space 20992K, 100% used [0x00000000e0000000,0x00000000e1480000,0x00000000e1480000)
  from space 22528K, 72% used [0x00000000e2b80000,0x00000000e3b8e1c0,0x00000000e4180000)
  to   space 23552K, 0% used [0x00000000e1480000,0x00000000e1480000,0x00000000e2b80000)
 ParOldGen       total 112128K, used 61811K [0x00000000a0000000, 0x00000000a6d80000, 0x00000000e0000000)
  object space 112128K, 55% used [0x00000000a0000000,0x00000000a3c5cdd8,0x00000000a6d80000)
 Metaspace       used 81069K, capacity 83634K, committed 83968K, reserved 1122304K
  class space    used 10914K, capacity 11450K, committed 11520K, reserved 1048576K
Event: 3645.628 GC heap after
Heap after GC invocations=59 (full 4):
 PSYoungGen      total 44544K, used 19364K [0x00000000e0000000, 0x00000000e4b00000, 0x0000000100000000)
  eden space 20992K, 0% used [0x00000000e0000000,0x00000000e0000000,0x00000000e1480000)
  from space 23552K, 82% used [0x00000000e1480000,0x00000000e2769130,0x00000000e2b80000)
  to   space 25600K, 0% used [0x00000000e3200000,0x00000000e3200000,0x00000000e4b00000)
 ParOldGen       total 112128K, used 70050K [0x00000000a0000000, 0x00000000a6d80000, 0x00000000e0000000)
  object space 112128K, 62% used [0x00000000a0000000,0x00000000a44689b0,0x00000000a6d80000)
 Metaspace       used 81069K, capacity 83634K, committed 83968K, reserved 1122304K
  class space    used 10914K, capacity 11450K, committed 11520K, reserved 1048576K
}
Event: 3645.742 GC heap before
{Heap before GC invocations=60 (full 4):
 PSYoungGen      total 44544K, used 40356K [0x00000000e0000000, 0x00000000e4b00000, 0x0000000100000000)
  eden space 20992K, 100% used [0x00000000e0000000,0x00000000e1480000,0x00000000e1480000)
  from space 23552K, 82% used [0x00000000e1480000,0x00000000e2769130,0x00000000e2b80000)
  to   space 25600K, 0% used [0x00000000e3200000,0x00000000e3200000,0x00000000e4b00000)
 ParOldGen       total 112128K, used 70050K [0x00000000a0000000, 0x00000000a6d80000, 0x00000000e0000000)
  object space 112128K, 62% used [0x00000000a0000000,0x00000000a44689b0,0x00000000a6d80000)
 Metaspace       used 81101K, capacity 83634K, committed 83968K, reserved 1122304K
  class space    used 10915K, capacity 11450K, committed 11520K, reserved 1048576K
Event: 3645.792 GC heap after
Heap after GC invocations=60 (full 4):
 PSYoungGen      total 48128K, used 12464K [0x00000000e0000000, 0x00000000e4800000, 0x0000000100000000)
  eden space 25600K, 0% used [0x00000000e0000000,0x00000000e0000000,0x00000000e1900000)
  from space 22528K, 55% used [0x00000000e3200000,0x00000000e3e2c198,0x00000000e4800000)
  to   space 24064K, 0% used [0x00000000e1900000,0x00000000e1900000,0x00000000e3080000)
 ParOldGen       total 112128K, used 89004K [0x00000000a0000000, 0x00000000a6d80000, 0x00000000e0000000)
  object space 112128K, 79% used [0x00000000a0000000,0x00000000a56eb080,0x00000000a6d80000)
 Metaspace       used 81101K, capacity 83634K, committed 83968K, reserved 1122304K
  class space    used 10915K, capacity 11450K, committed 11520K, reserved 1048576K
}
Event: 3646.632 GC heap before
{Heap before GC invocations=61 (full 4):
 PSYoungGen      total 48128K, used 38064K [0x00000000e0000000, 0x00000000e4800000, 0x0000000100000000)
  eden space 25600K, 100% used [0x00000000e0000000,0x00000000e1900000,0x00000000e1900000)
  from space 22528K, 55% used [0x00000000e3200000,0x00000000e3e2c198,0x00000000e4800000)
  to   space 24064K, 0% used [0x00000000e1900000,0x00000000e1900000,0x00000000e3080000)
 ParOldGen       total 112128K, used 89004K [0x00000000a0000000, 0x00000000a6d80000, 0x00000000e0000000)
  object space 112128K, 79% used [0x00000000a0000000,0x00000000a56eb080,0x00000000a6d80000)
 Metaspace       used 82239K, capacity 84802K, committed 84864K, reserved 1122304K
  class space    used 11086K, capacity 11632K, committed 11648K, reserved 1048576K
Event: 3646.673 GC heap after
Heap after GC invocations=61 (full 4):
 PSYoungGen      total 49664K, used 10327K [0x00000000e0000000, 0x00000000e4c00000, 0x0000000100000000)
  eden space 25600K, 0% used [0x00000000e0000000,0x00000000e0000000,0x00000000e1900000)
  from space 24064K, 42% used [0x00000000e1900000,0x00000000e2315f38,0x00000000e3080000)
  to   space 23552K, 0% used [0x00000000e3500000,0x00000000e3500000,0x00000000e4c00000)
 ParOldGen       total 112128K, used 101225K [0x00000000a0000000, 0x00000000a6d80000, 0x00000000e0000000)
  object space 112128K, 90% used [0x00000000a0000000,0x00000000a62da5f8,0x00000000a6d80000)
 Metaspace       used 82239K, capacity 84802K, committed 84864K, reserved 1122304K
  class space    used 11086K, capacity 11632K, committed 11648K, reserved 1048576K
}
Event: 3646.673 GC heap before
{Heap before GC invocations=62 (full 5):
 PSYoungGen      total 49664K, used 10327K [0x00000000e0000000, 0x00000000e4c00000, 0x0000000100000000)
  eden space 25600K, 0% used [0x00000000e0000000,0x00000000e0000000,0x00000000e1900000)
  from space 24064K, 42% used [0x00000000e1900000,0x00000000e2315f38,0x00000000e3080000)
  to   space 23552K, 0% used [0x00000000e3500000,0x00000000e3500000,0x00000000e4c00000)
 ParOldGen       total 112128K, used 101225K [0x00000000a0000000, 0x00000000a6d80000, 0x00000000e0000000)
  object space 112128K, 90% used [0x00000000a0000000,0x00000000a62da5f8,0x00000000a6d80000)
 Metaspace       used 82239K, capacity 84802K, committed 84864K, reserved 1122304K
  class space    used 11086K, capacity 11632K, committed 11648K, reserved 1048576K

